# JRE version: Java(TM) SE Runtime Environment (8.0_91-b15) (build 1.8.0_91-b15)
# Java VM: Java HotSpot(TM) 64-Bit Server VM (25.91-b15 mixed mode windows-amd64 compressed oops)
Heap:
 PSYoungGen      total 102912K, used 60448K [0x00000000d6b80000, 0x00000000ddf00000, 0x0000000100000000)
  eden space 93696K, 55% used [0x00000000d6b80000,0x00000000d9e00938,0x00000000dc700000)
  from space 9216K, 94% used [0x00000000dd600000,0x00000000dde87948,0x00000000ddf00000)
  to   space 11264K, 0% used [0x00000000dc900000,0x00000000dc900000,0x00000000dd400000)
 ParOldGen       total 61952K, used 12085K [0x0000000084200000, 0x0000000087e80000, 0x00000000d6b80000)
  object space 61952K, 19% used [0x0000000084200000,0x0000000084dcd7c8,0x0000000087e80000)
 Metaspace       used 33901K, capacity 34214K, committed 34560K, reserved 1079296K
  class space    used 4187K, capacity 4297K, committed 4352K, reserved 1048576K
GC Heap History (10 events):
Event: 1.933 GC heap before
{Heap before GC invocations=3 (full 0):
 PSYoungGen      total 36864K, used 36849K [0x00000000d6b80000, 0x00000000db380000, 0x0000000100000000)
  eden space 31744K, 100% used [0x00000000d6b80000,0x00000000d8a80000,0x00000000d8a80000)
  from space 5120K, 99% used [0x00000000d8f80000,0x00000000d947c4f0,0x00000000d9480000)
  to   space 5120K, 0% used [0x00000000d8a80000,0x00000000d8a80000,0x00000000d8f80000)
 ParOldGen       total 84992K, used 5610K [0x0000000084200000, 0x0000000089500000, 0x00000000d6b80000)
  object space 84992K, 6% used [0x0000000084200000,0x000000008477a868,0x0000000089500000)
 Metaspace       used 19867K, capacity 20138K, committed 20224K, reserved 1067008K
  class space    used 2478K, capacity 2524K, committed 2560K, reserved 1048576K
Event: 1.944 GC heap after
Heap after GC invocations=3 (full 0):
 PSYoungGen      total 36864K, used 5088K [0x00000000d6b80000, 0x00000000db380000, 0x0000000100000000)
  eden space 31744K, 0% used [0x00000000d6b80000,0x00000000d6b80000,0x00000000d8a80000)
  from space 5120K, 99% used [0x00000000d8a80000,0x00000000d8f78020,0x00000000d8f80000)
  to   space 5120K, 0% used [0x00000000dae80000,0x00000000dae80000,0x00000000db380000)
 ParOldGen       total 84992K, used 9745K [0x0000000084200000, 0x0000000089500000, 0x00000000d6b80000)
  object space 84992K, 11% used [0x0000000084200000,0x0000000084b84408,0x0000000089500000)
 Metaspace       used 19867K, capacity 20138K, committed 20224K, reserved 1067008K
  class space    used 2478K, capacity 2524K, committed 2560K, reserved 1048576K
}
Event: 2.141 GC heap before
{Heap before GC invocations=4 (full 0):
 PSYoungGen      total 36864K, used 18596K [0x00000000d6b80000, 0x00000000db380000, 0x0000000100000000)
  eden space 31744K, 42% used [0x00000000d6b80000,0x00000000d78b10f8,0x00000000d8a80000)
  from space 5120K, 99% used [0x00000000d8a80000,0x00000000d8f78020,0x00000000d8f80000)
  to   space 5120K, 0% used [0x00000000dae80000,0x00000000dae80000,0x00000000db380000)
 ParOldGen       total 84992K, used 9745K [0x0000000084200000, 0x0000000089500000, 0x00000000d6b80000)
  object space 84992K, 11% used [0x0000000084200000,0x0000000084b84408,0x0000000089500000)
 Metaspace       used 21001K, capacity 21238K, committed 21296K, reserved 1069056K
  class space    used 2605K, capacity 2672K, committed 2688K, reserved 1048576K
Event: 2.150 GC heap after
Heap after GC invocations=4 (full 0):
 PSYoungGen      total 68608K, used 5104K [0x00000000d6b80000, 0x00000000db380000, 0x0000000100000000)
  eden space 63488K, 0% used [0x00000000d6b80000,0x00000000d6b80000,0x00000000da980000)
  from space 5120K, 99% used [0x00000000dae80000,0x00000000db37c010,0x00000000db380000)
  to   space 5120K, 0% used [0x00000000da980000,0x00000000da980000,0x00000000dae80000)
 ParOldGen       total 84992K, used 10845K [0x0000000084200000, 0x0000000089500000, 0x00000000d6b80000)
  object space 84992K, 12% used [0x0000000084200000,0x0000000084c97740,0x0000000089500000)
 Metaspace       used 21001K, capacity 21238K, committed 21296K, reserved 1069056K
  class space    used 2605K, capacity 2672K, committed 2688K, reserved 1048576K
}
Event: 2.150 GC heap before
{Heap before GC invocations=5 (full 1):
 PSYoungGen      total 68608K, used 5104K [0x00000000d6b80000, 0x00000000db380000, 0x0000000100000000)
  eden space 63488K, 0% used [0x00000000d6b80000,0x00000000d6b80000,0x00000000da980000)
  from space 5120K, 99% used [0x00000000dae80000,0x00000000db37c010,0x00000000db380000)
  to   space 5120K, 0% used [0x00000000da980000,0x00000000da980000,0x00000000dae80000)
 ParOldGen       total 84992K, used 10845K [0x0000000084200000, 0x0000000089500000, 0x00000000d6b80000)
  object space 84992K, 12% used [0x0000000084200000,0x0000000084c97740,0x0000000089500000)
 Metaspace       used 21001K, capacity 21238K, committed 21296K, reserved 1069056K
  class space    used 2605K, capacity 2672K, committed 2688K, reserved 1048576K
Event: 2.192 GC heap after
Heap after GC invocations=5 (full 1):
 PSYoungGen      total 68608K, used 0K [0x00000000d6b80000, 0x00000000db380000, 0x0000000100000000)
  eden space 63488K, 0% used [0x00000000d6b80000,0x00000000d6b80000,0x00000000da980000)
  from space 5120K, 0% used [0x00000000dae80000,0x00000000dae80000,0x00000000db380000)
  to   space 5120K, 0% used [0x00000000da980000,0x00000000da980000,0x00000000dae80000)
 ParOldGen       total 61952K, used 9461K [0x0000000084200000, 0x0000000087e80000, 0x00000000d6b80000)
  object space 61952K, 15% used [0x0000000084200000,0x0000000084b3d418,0x0000000087e80000)
 Metaspace       used 21001K, capacity 21238K, committed 21296K, reserved 1069056K
  class space    used 2605K, capacity 2672K, committed 2688K, reserved 1048576K
}
Event: 3.461 GC heap before
{Heap before GC invocations=6 (full 1):
 PSYoungGen      total 68608K, used 63488K [0x00000000d6b80000, 0x00000000db380000, 0x0000000100000000)
  eden space 63488K, 100% used [0x00000000d6b80000,0x00000000da980000,0x00000000da980000)
  from space 5120K, 0% used [0x00000000dae80000,0x00000000dae80000,0x00000000db380000)
  to   space 5120K, 0% used [0x00000000da980000,0x00000000da980000,0x00000000dae80000)
 ParOldGen       total 61952K, used 9461K [0x0000000084200000, 0x0000000087e80000, 0x00000000d6b80000)
  object space 61952K, 15% used [0x0000000084200000,0x0000000084b3d418,0x0000000087e80000)
 Metaspace       used 26766K, capacity 27108K, committed 27264K, reserved 1073152K
  class space    used 3316K, capacity 3413K, committed 3456K, reserved 1048576K
Event: 3.480 GC heap after
Heap after GC invocations=6 (full 1):
 PSYoungGen      total 68608K, used 5115K [0x00000000d6b80000, 0x00000000de100000, 0x0000000100000000)
  eden space 63488K, 0% used [0x00000000d6b80000,0x00000000d6b80000,0x00000000da980000)
  from space 5120K, 99% used [0x00000000da980000,0x00000000dae7ec08,0x00000000dae80000)
  to   space 11264K, 0% used [0x00000000dd600000,0x00000000dd600000,0x00000000de100000)
 ParOldGen       total 61952K, used 12077K [0x0000000084200000, 0x0000000087e80000, 0x00000000d6b80000)
  object space 61952K, 19% used [0x0000000084200000,0x0000000084dcb7c8,0x0000000087e80000)
 Metaspace       used 26766K, capacity 27108K, committed 27264K, reserved 1073152K
  class space    used 3316K, capacity 3413K, committed 3456K, reserved 1048576K
}
Event: 17.610 GC heap before
{Heap before GC invocations=7 (full 1):
 PSYoungGen      total 68608K, used 68603K [0x00000000d6b80000, 0x00000000de100000, 0x0000000100000000)
  eden space 63488K, 100% used [0x00000000d6b80000,0x00000000da980000,0x00000000da980000)
  from space 5120K, 99% used [0x00000000da980000,0x00000000dae7ec08,0x00000000dae80000)
  to   space 11264K, 0% used [0x00000000dd600000,0x00000000dd600000,0x00000000de100000)
 ParOldGen       total 61952K, used 12077K [0x0000000084200000, 0x0000000087e80000, 0x00000000d6b80000)
  object space 61952K, 19% used [0x0000000084200000,0x0000000084dcb7c8,0x0000000087e80000)
 Metaspace       used 29051K, capacity 29440K, committed 29568K, reserved 1075200K
  class space    used 3607K, capacity 3711K, committed 3712K, reserved 1048576K
Event: 17.623 GC heap after
Heap after GC invocations=7 (full 1):
 PSYoungGen      total 102912K, used 8734K [0x00000000d6b80000, 0x00000000ddf00000, 0x0000000100000000)
  eden space 93696K, 0% used [0x00000000d6b80000,0x00000000d6b80000,0x00000000dc700000)
  from space 9216K, 94% used [0x00000000dd600000,0x00000000dde87948,0x00000000ddf00000)
  to   space 11264K, 0% used [0x00000000dc900000,0x00000000dc900000,0x00000000dd400000)
 ParOldGen       total 61952K, used 12085K [0x0000000084200000, 0x0000000087e80000, 0x00000000d6b80000)
  object space 61952K, 19% used [0x0000000084200000,0x0000000084dcd7c8,0x0000000087e80000)
 Metaspace       used 29051K, capacity 29440K, committed 29568K, reserved 1075200K
  class space    used 3607K, capacity 3711K, committed 3712K, reserved 1048576K
}

